  neuralnetwork.cpp
g:\projects\genetic fish tank 2\genetic fish tank 2\neuralnetwork.cpp(37): warning C4244: 'argument': conversion from 'time_t' to 'unsigned int', possible loss of data
g:\projects\genetic fish tank 2\genetic fish tank 2\neuralnetwork.cpp(38): warning C4018: '<': signed/unsigned mismatch
g:\projects\genetic fish tank 2\genetic fish tank 2\neuralnetwork.cpp(39): warning C4018: '<': signed/unsigned mismatch
g:\projects\genetic fish tank 2\genetic fish tank 2\neuralnetwork.cpp(44): warning C4018: '<': signed/unsigned mismatch
g:\projects\genetic fish tank 2\genetic fish tank 2\neuralnetwork.cpp(45): warning C4018: '<': signed/unsigned mismatch
g:\projects\genetic fish tank 2\genetic fish tank 2\neuralnetwork.cpp(46): warning C4018: '<': signed/unsigned mismatch
g:\projects\genetic fish tank 2\genetic fish tank 2\neuralnetwork.cpp(52): warning C4018: '<': signed/unsigned mismatch
g:\projects\genetic fish tank 2\genetic fish tank 2\neuralnetwork.cpp(53): warning C4018: '<': signed/unsigned mismatch
g:\projects\genetic fish tank 2\genetic fish tank 2\neuralnetwork.cpp(60): warning C4244: 'argument': conversion from 'time_t' to 'unsigned int', possible loss of data
g:\projects\genetic fish tank 2\genetic fish tank 2\neuralnetwork.cpp(61): warning C4018: '<': signed/unsigned mismatch
g:\projects\genetic fish tank 2\genetic fish tank 2\neuralnetwork.cpp(62): warning C4018: '<': signed/unsigned mismatch
g:\projects\genetic fish tank 2\genetic fish tank 2\neuralnetwork.cpp(67): warning C4018: '<': signed/unsigned mismatch
g:\projects\genetic fish tank 2\genetic fish tank 2\neuralnetwork.cpp(68): warning C4018: '<': signed/unsigned mismatch
g:\projects\genetic fish tank 2\genetic fish tank 2\neuralnetwork.cpp(69): warning C4018: '<': signed/unsigned mismatch
g:\projects\genetic fish tank 2\genetic fish tank 2\neuralnetwork.cpp(75): warning C4018: '<': signed/unsigned mismatch
g:\projects\genetic fish tank 2\genetic fish tank 2\neuralnetwork.cpp(76): warning C4018: '<': signed/unsigned mismatch
g:\projects\genetic fish tank 2\genetic fish tank 2\neuralnetwork.cpp(83): warning C4018: '<': signed/unsigned mismatch
g:\projects\genetic fish tank 2\genetic fish tank 2\neuralnetwork.cpp(84): warning C4018: '<': signed/unsigned mismatch
g:\projects\genetic fish tank 2\genetic fish tank 2\neuralnetwork.cpp(92): warning C4018: '<': signed/unsigned mismatch
g:\projects\genetic fish tank 2\genetic fish tank 2\neuralnetwork.cpp(93): warning C4018: '<': signed/unsigned mismatch
g:\projects\genetic fish tank 2\genetic fish tank 2\neuralnetwork.cpp(94): warning C4018: '<': signed/unsigned mismatch
  Generating Code...
g:\projects\genetic fish tank 2\genetic fish tank 2\neuralnetwork.h(56): warning C4715: 'Neuron::TransferFunction': not all control paths return a value
  Compiling...
  visualizer.cpp
g:\projects\genetic fish tank 2\genetic fish tank 2\visualizer.cpp(6): warning C4018: '<': signed/unsigned mismatch
g:\projects\genetic fish tank 2\genetic fish tank 2\visualizer.cpp(15): warning C4018: '<': signed/unsigned mismatch
g:\projects\genetic fish tank 2\genetic fish tank 2\visualizer.cpp(16): warning C4018: '<': signed/unsigned mismatch
g:\projects\genetic fish tank 2\genetic fish tank 2\visualizer.cpp(26): warning C4018: '<': signed/unsigned mismatch
g:\projects\genetic fish tank 2\genetic fish tank 2\visualizer.cpp(36): warning C4018: '<': signed/unsigned mismatch
g:\projects\genetic fish tank 2\genetic fish tank 2\visualizer.cpp(37): warning C4018: '<': signed/unsigned mismatch
g:\projects\genetic fish tank 2\genetic fish tank 2\visualizer.cpp(38): warning C4018: '<': signed/unsigned mismatch
g:\projects\genetic fish tank 2\genetic fish tank 2\visualizer.cpp(52): warning C4244: 'argument': conversion from 'double' to 'int', possible loss of data
g:\projects\genetic fish tank 2\genetic fish tank 2\visualizer.cpp(53): warning C4244: 'argument': conversion from 'double' to 'int', possible loss of data
g:\projects\genetic fish tank 2\genetic fish tank 2\visualizer.cpp(60): warning C4018: '<': signed/unsigned mismatch
g:\projects\genetic fish tank 2\genetic fish tank 2\visualizer.cpp(65): warning C4244: 'argument': conversion from 'int' to 'float', possible loss of data
g:\projects\genetic fish tank 2\genetic fish tank 2\visualizer.cpp(69): warning C4018: '<': signed/unsigned mismatch
  main.cpp
  fish.cpp
g:\projects\genetic fish tank 2\genetic fish tank 2\fish.cpp(7): warning C4244: 'argument': conversion from 'time_t' to 'unsigned int', possible loss of data
g:\projects\genetic fish tank 2\genetic fish tank 2\fish.cpp(116): warning C4018: '<': signed/unsigned mismatch
  Generating Code...
g:\projects\genetic fish tank 2\genetic fish tank 2\visualizer.cpp(56): warning C4172: returning address of local variable or temporary: color
  Skipping... (no relevant changes detected)
  spritebatch.cpp
  Genetic Fish Tank 2.vcxproj -> G:\Projects\Genetic Fish Tank 2\Debug\Genetic Fish Tank 2.exe
  Genetic Fish Tank 2.vcxproj -> G:\Projects\Genetic Fish Tank 2\Debug\Genetic Fish Tank 2.pdb (Partial PDB)
